#
# A fatal error has been detected by the Java Runtime Environment:
#
#  EXCEPTION_ACCESS_VIOLATION (0xc0000005) at pc=0x0000000077bb3290, pid=18580, tid=0x0000000000006524
#
# JRE version: Java(TM) SE Runtime Environment (8.0_144-b01) (build 1.8.0_144-b01)
# Java VM: Java HotSpot(TM) 64-Bit Server VM (25.144-b01 mixed mode windows-amd64 compressed oops)
# Problematic frame:
# C  [ntdll.dll+0x53290]
#
# Failed to write core dump. Minidumps are not enabled by default on client versions of Windows
#
# If you would like to submit a bug report, please visit:
#   http://bugreport.java.com/bugreport/crash.jsp
#

---------------  T H R E A D  ---------------

Current thread (0x00000000608fe800):  Thread [stack: 0x0000000062a60000,0x0000000062b60000] [id=0]

siginfo: ExceptionCode=0xc0000005, reading address 0x00000af693bc0488

Registers:
RAX=0x0000000000000000, RBX=0x00000af693bc0480, RCX=0x000000ffffffffff, RDX=0x00000000608d6530
RSP=0x0000000062b5faa0, RBP=0x0000000000000000, RSI=0x00000000003d0000, RDI=0x00000000608d6540
R8 =0x00000000608d6540, R9 =0x00d2025400120004, R10=0x0000000000000000, R11=0x0000000000000207
R12=0x0000000000000000, R13=0x0000000000000000, R14=0x0000000000000000, R15=0x0000000000000000
RIP=0x0000000077bb3290, EFLAGS=0x0000000000010202

Top of Stack: (sp=0x0000000062b5faa0)
0x0000000062b5faa0:   0000000000000000 0000000000000000
0x0000000062b5fab0:   0000000000000000 0000000000000000
0x0000000062b5fac0:   0000000000000000 0000000000000000
0x0000000062b5fad0:   00000000608fe800 000007fefd94133c
0x0000000062b5fae0:   0000000000000000 0000000000000000
0x0000000062b5faf0:   0000000000000000 0000000000000000
0x0000000062b5fb00:   00000000608d6540 0000000000000000
0x0000000062b5fb10:   0000000062b5fd00 0000000077a6300a
0x0000000062b5fb20:   0000000000000000 00000000608fe800
0x0000000062b5fb30:   0000000017731c0b 0000000060994230
0x0000000062b5fb40:   00000000608fe800 000000006e0d8d94
0x0000000062b5fb50:   0000000060994230 0000000000000000
0x0000000062b5fb60:   0000000000000000 0000000000000000
0x0000000062b5fb70:   00000000608fe800 000000005da434d6
0x0000000062b5fb80:   00000000608fe800 00000000608fe800
0x0000000062b5fb90:   0000000000000000 000000006099f2d0 

Instructions: (pc=0x0000000077bb3290)
0x0000000077bb3270:   ff ff 00 00 00 48 33 de 48 23 c1 48 c1 eb 04 48
0x0000000077bb3280:   33 d8 48 33 1d 3f f1 0d 00 48 c1 e3 04 0f 0d 0b
0x0000000077bb3290:   4c 8b 63 08 49 bd 01 00 00 00 01 00 00 00 49 be
0x0000000077bb32a0:   ff 7f 00 00 ff ff ff ff c6 42 0f 80 c6 42 0e 00 


Register to memory mapping:

RAX=0x0000000000000000 is an unknown value
RBX=0x00000af693bc0480 is an unknown value
RCX=0x000000ffffffffff is an unknown value
RDX=0x00000000608d6530 is an unknown value
RSP=0x0000000062b5faa0 is an unknown value
RBP=0x0000000000000000 is an unknown value
RSI=0x00000000003d0000 is an unknown value
RDI=0x00000000608d6540 is an unknown value
R8 =0x00000000608d6540 is an unknown value
R9 =0x00d2025400120004 is an unknown value
R10=0x0000000000000000 is an unknown value
R11=0x0000000000000207 is an unknown value
R12=0x0000000000000000 is an unknown value
R13=0x0000000000000000 is an unknown value
R14=0x0000000000000000 is an unknown value
R15=0x0000000000000000 is an unknown value


Stack: [0x0000000062a60000,0x0000000062b60000],  sp=0x0000000062b5faa0,  free space=1022k
Native frames: (J=compiled Java code, j=interpreted, Vv=VM code, C=native code)


---------------  P R O C E S S  ---------------

Java Threads: ( => current thread )
  0x000000005a2f5800 JavaThread "pool-3-thread-6" [_thread_in_native, id=23224, stack(0x0000000061ea0000,0x0000000061fa0000)]
  0x000000005a2f4800 JavaThread "pool-3-thread-5" [_thread_in_native, id=7432, stack(0x0000000061cd0000,0x0000000061dd0000)]
  0x000000005a2f4000 JavaThread "pool-3-thread-4" [_thread_in_native, id=32592, stack(0x0000000061b40000,0x0000000061c40000)]
  0x000000005a2f3000 JavaThread "pool-3-thread-3" [_thread_in_native, id=21004, stack(0x0000000061990000,0x0000000061a90000)]
  0x000000005a2f2800 JavaThread "pool-3-thread-2" [_thread_in_native, id=17936, stack(0x000000005cee0000,0x000000005cfe0000)]
  0x000000005bc5d000 JavaThread "pool-3-thread-1" [_thread_in_native, id=32476, stack(0x000000005d680000,0x000000005d780000)]
  0x000000005bc5c000 JavaThread "http-nio-8081-AsyncTimeout" daemon [_thread_blocked, id=37344, stack(0x0000000060280000,0x0000000060380000)]
  0x000000005bc5b800 JavaThread "http-nio-8081-Acceptor-0" daemon [_thread_in_native, id=19220, stack(0x00000000605c0000,0x00000000606c0000)]
  0x000000005bc5a800 JavaThread "http-nio-8081-ClientPoller-1" daemon [_thread_in_native, id=24068, stack(0x00000000604a0000,0x00000000605a0000)]
  0x000000005bc5a000 JavaThread "http-nio-8081-ClientPoller-0" daemon [_thread_in_native, id=16900, stack(0x0000000060390000,0x0000000060490000)]
  0x000000005bc59000 JavaThread "http-nio-8081-exec-10" daemon [_thread_blocked, id=5900, stack(0x000000005fcf0000,0x000000005fdf0000)]
  0x000000005bc58800 JavaThread "http-nio-8081-exec-9" daemon [_thread_blocked, id=41612, stack(0x0000000060110000,0x0000000060210000)]
  0x000000005bc57800 JavaThread "http-nio-8081-exec-8" daemon [_thread_blocked, id=24108, stack(0x000000005ffe0000,0x00000000600e0000)]
  0x000000005bc57000 JavaThread "http-nio-8081-exec-7" daemon [_thread_blocked, id=33716, stack(0x000000005fdf0000,0x000000005fef0000)]
  0x000000005bc56000 JavaThread "http-nio-8081-exec-6" daemon [_thread_blocked, id=10936, stack(0x000000005fbb0000,0x000000005fcb0000)]
  0x000000005c558000 JavaThread "http-nio-8081-exec-5" daemon [_thread_blocked, id=32224, stack(0x000000005fa30000,0x000000005fb30000)]
  0x000000005c557800 JavaThread "http-nio-8081-exec-4" daemon [_thread_blocked, id=18308, stack(0x000000005f8f0000,0x000000005f9f0000)]
  0x000000005c556800 JavaThread "http-nio-8081-exec-3" daemon [_thread_blocked, id=20576, stack(0x000000005f640000,0x000000005f740000)]
  0x000000005c555800 JavaThread "http-nio-8081-exec-2" daemon [_thread_blocked, id=12972, stack(0x000000005f7b0000,0x000000005f8b0000)]
  0x000000005c555000 JavaThread "http-nio-8081-exec-1" daemon [_thread_blocked, id=24680, stack(0x000000005f500000,0x000000005f600000)]
  0x000000005c553800 JavaThread "NioBlockingSelector.BlockPoller-1" daemon [_thread_in_native, id=16896, stack(0x000000005f1a0000,0x000000005f2a0000)]
  0x000000005c554000 JavaThread "Live Reload Server" daemon [_thread_in_native, id=27564, stack(0x000000005f2e0000,0x000000005f3e0000)]
  0x000000005c552800 JavaThread "File Watcher" daemon [_thread_blocked, id=40068, stack(0x000000005efa0000,0x000000005f0a0000)]
  0x000000005c552000 JavaThread "Thread-7" [_thread_blocked, id=21900, stack(0x000000005d410000,0x000000005d510000)]
  0x000000005c551000 JavaThread "Thread-6" [_thread_blocked, id=33652, stack(0x000000005ebf0000,0x000000005ecf0000)]
  0x000000005c424800 JavaThread "Tomcat JDBC Pool Cleaner[414493378:1508972751755]" daemon [_thread_blocked, id=20676, stack(0x000000005e0a0000,0x000000005e1a0000)]
  0x000000005c38e000 JavaThread "container-0" [_thread_blocked, id=34372, stack(0x000000005d530000,0x000000005d630000)]
  0x000000005c3d8800 JavaThread "ContainerBackgroundProcessor[StandardEngine[Tomcat]]" daemon [_thread_blocked, id=34984, stack(0x000000005d290000,0x000000005d390000)]
  0x000000005a602800 JavaThread "restartedMain" [_thread_blocked, id=23636, stack(0x000000005b130000,0x000000005b230000)]
  0x000000005a67b000 JavaThread "Thread-1" [_thread_blocked, id=14836, stack(0x0000000059e60000,0x0000000059f60000)]
  0x000000005a3c8800 JavaThread "RMI TCP Accept-0" daemon [_thread_in_native, id=9920, stack(0x000000005ad10000,0x000000005ae10000)]
  0x000000005a377800 JavaThread "RMI TCP Accept-54053" daemon [_thread_in_native, id=24320, stack(0x000000005abe0000,0x000000005ace0000)]
  0x000000005a369000 JavaThread "RMI TCP Accept-0" daemon [_thread_in_native, id=33108, stack(0x000000005aa50000,0x000000005ab50000)]
  0x0000000058b1e800 JavaThread "Service Thread" daemon [_thread_blocked, id=25968, stack(0x0000000059bc0000,0x0000000059cc0000)]
  0x0000000058aa5000 JavaThread "C1 CompilerThread2" daemon [_thread_blocked, id=43524, stack(0x000000005a0a0000,0x000000005a1a0000)]
  0x0000000058a9e000 JavaThread "C2 CompilerThread1" daemon [_thread_blocked, id=19756, stack(0x0000000059f70000,0x000000005a070000)]
  0x0000000058a93000 JavaThread "C2 CompilerThread0" daemon [_thread_blocked, id=31396, stack(0x0000000059cc0000,0x0000000059dc0000)]
  0x0000000058a87000 JavaThread "JDWP Command Reader" daemon [_thread_in_native, id=12240, stack(0x0000000059ac0000,0x0000000059bc0000)]
  0x0000000058a81800 JavaThread "JDWP Event Helper Thread" daemon [_thread_blocked, id=24376, stack(0x0000000059720000,0x0000000059820000)]
  0x0000000058a7a800 JavaThread "JDWP Transport Listener: dt_socket" daemon [_thread_in_native, id=42564, stack(0x0000000059950000,0x0000000059a50000)]
  0x0000000058a71000 JavaThread "Attach Listener" daemon [_thread_blocked, id=22636, stack(0x00000000591d0000,0x00000000592d0000)]
  0x0000000058a70800 JavaThread "Signal Dispatcher" daemon [_thread_blocked, id=41084, stack(0x0000000058fe0000,0x00000000590e0000)]
  0x000000005770d800 JavaThread "Finalizer" daemon [_thread_blocked, id=40632, stack(0x0000000058970000,0x0000000058a70000)]
  0x00000000576c6000 JavaThread "Reference Handler" daemon [_thread_blocked, id=22204, stack(0x0000000058830000,0x0000000058930000)]
  0x00000000021cb000 JavaThread "main" [_thread_blocked, id=36476, stack(0x00000000024c0000,0x00000000025c0000)]

Other Threads:
  0x00000000576be000 VMThread [stack: 0x0000000058590000,0x0000000058690000] [id=20152]
  0x000000005a3d7000 WatcherThread [stack: 0x000000005ae20000,0x000000005af20000] [id=34620]

=>0x00000000608fe800 (exited) Thread [stack: 0x0000000062a60000,0x0000000062b60000] [id=0]

VM state:not at safepoint (normal execution)

VM Mutex/Monitor currently owned by a thread: None

Heap:
 PSYoungGen      total 683008K, used 499141K [0x00000000d5980000, 0x0000000100000000, 0x0000000100000000)
  eden space 672256K, 73% used [0x00000000d5980000,0x00000000f3ca9728,0x00000000fea00000)
  from space 10752K, 40% used [0x00000000fea00000,0x00000000fee48000,0x00000000ff480000)
  to   space 10752K, 0% used [0x00000000ff580000,0x00000000ff580000,0x0000000100000000)
 ParOldGen       total 450048K, used 348552K [0x0000000080c00000, 0x000000009c380000, 0x00000000d5980000)
  object space 450048K, 77% used [0x0000000080c00000,0x0000000096062050,0x000000009c380000)
 Metaspace       used 44017K, capacity 44700K, committed 44760K, reserved 1087488K
  class space    used 5745K, capacity 5883K, committed 5888K, reserved 1048576K

Card table byte_map: [0x0000000011c50000,0x0000000012050000] byte_map_base: 0x000000001184a000

Marking Bits: (ParMarkBitMap*) 0x000000005e01d850
 Begin Bits: [0x0000000012990000, 0x0000000014960000)
 End Bits:   [0x0000000014960000, 0x0000000016930000)

Polling page: 0x0000000000340000

CodeCache: size=245760Kb used=12983Kb max_used=12983Kb free=232776Kb
 bounds [0x0000000002890000, 0x0000000003550000, 0x0000000011890000]
 total_blobs=7042 nmethods=6534 adapters=428
 compilation: enabled

Compilation events (10 events):
Event: 705.210 Thread 0x0000000058aa5000 6631       1       org.hibernate.jpa.internal.QueryImpl::beforeQuery (66 bytes)
Event: 705.210 Thread 0x0000000058aa5000 nmethod 6631 0x000000000353efd0 code [0x000000000353f180, 0x000000000353f4f8]
Event: 705.211 Thread 0x0000000058aa5000 6632   !   1       org.hibernate.internal.QueryImpl::list (46 bytes)
Event: 705.211 Thread 0x0000000058aa5000 nmethod 6632 0x000000000353f710 code [0x000000000353f8c0, 0x000000000353fbf8]
Event: 705.212 Thread 0x0000000058aa5000 6633       1       org.hibernate.internal.AbstractQueryImpl::verifyParameters (6 bytes)
Event: 705.212 Thread 0x0000000058aa5000 nmethod 6633 0x000000000353fe90 code [0x000000000353ffe0, 0x0000000003540128]
Event: 705.212 Thread 0x0000000058aa5000 6634       1       org.hibernate.internal.SessionImpl::autoFlushIfRequired (80 bytes)
Event: 705.213 Thread 0x0000000058aa5000 nmethod 6634 0x00000000035401d0 code [0x0000000003540400, 0x0000000003540a38]
Event: 705.265 Thread 0x0000000058aa5000 6635       1       org.hibernate.event.internal.DefaultAutoFlushEventListener::flushMightBeNeeded (63 bytes)
Event: 705.265 Thread 0x0000000058aa5000 nmethod 6635 0x0000000003541190 code [0x0000000003541340, 0x0000000003541608]

GC Heap History (10 events):
Event: 697.809 GC heap before
{Heap before GC invocations=129 (full 4):
 PSYoungGen      total 681472K, used 673184K [0x00000000d5980000, 0x00000000fff00000, 0x0000000100000000)
  eden space 670208K, 100% used [0x00000000d5980000,0x00000000fe800000,0x00000000fe800000)
  from space 11264K, 26% used [0x00000000ff400000,0x00000000ff6e8020,0x00000000fff00000)
  to   space 11776K, 0% used [0x00000000fe800000,0x00000000fe800000,0x00000000ff380000)
 ParOldGen       total 450048K, used 348504K [0x0000000080c00000, 0x000000009c380000, 0x00000000d5980000)
  object space 450048K, 77% used [0x0000000080c00000,0x0000000096056050,0x000000009c380000)
 Metaspace       used 44017K, capacity 44700K, committed 44760K, reserved 1087488K
  class space    used 5745K, capacity 5883K, committed 5888K, reserved 1048576K
Event: 697.818 GC heap after
Heap after GC invocations=129 (full 4):
 PSYoungGen      total 681984K, used 5936K [0x00000000d5980000, 0x00000000fff80000, 0x0000000100000000)
  eden space 670208K, 0% used [0x00000000d5980000,0x00000000d5980000,0x00000000fe800000)
  from space 11776K, 50% used [0x00000000fe800000,0x00000000fedcc030,0x00000000ff380000)
  to   space 11264K, 0% used [0x00000000ff480000,0x00000000ff480000,0x00000000fff80000)
 ParOldGen       total 450048K, used 348512K [0x0000000080c00000, 0x000000009c380000, 0x00000000d5980000)
  object space 450048K, 77% used [0x0000000080c00000,0x0000000096058050,0x000000009c380000)
 Metaspace       used 44017K, capacity 44700K, committed 44760K, reserved 1087488K
  class space    used 5745K, capacity 5883K, committed 5888K, reserved 1048576K
}
Event: 699.320 GC heap before
{Heap before GC invocations=130 (full 4):
 PSYoungGen      total 681984K, used 676144K [0x00000000d5980000, 0x00000000fff80000, 0x0000000100000000)
  eden space 670208K, 100% used [0x00000000d5980000,0x00000000fe800000,0x00000000fe800000)
  from space 11776K, 50% used [0x00000000fe800000,0x00000000fedcc030,0x00000000ff380000)
  to   space 11264K, 0% used [0x00000000ff480000,0x00000000ff480000,0x00000000fff80000)
 ParOldGen       total 450048K, used 348512K [0x0000000080c00000, 0x000000009c380000, 0x00000000d5980000)
  object space 450048K, 77% used [0x0000000080c00000,0x0000000096058050,0x000000009c380000)
 Metaspace       used 44017K, capacity 44700K, committed 44760K, reserved 1087488K
  class space    used 5745K, capacity 5883K, committed 5888K, reserved 1048576K
Event: 699.326 GC heap after
Heap after GC invocations=130 (full 4):
 PSYoungGen      total 683008K, used 3456K [0x00000000d5980000, 0x00000000fff80000, 0x0000000100000000)
  eden space 671744K, 0% used [0x00000000d5980000,0x00000000d5980000,0x00000000fe980000)
  from space 11264K, 30% used [0x00000000ff480000,0x00000000ff7e0000,0x00000000fff80000)
  to   space 11264K, 0% used [0x00000000fe980000,0x00000000fe980000,0x00000000ff480000)
 ParOldGen       total 450048K, used 348520K [0x0000000080c00000, 0x000000009c380000, 0x00000000d5980000)
  object space 450048K, 77% used [0x0000000080c00000,0x000000009605a050,0x000000009c380000)
 Metaspace       used 44017K, capacity 44700K, committed 44760K, reserved 1087488K
  class space    used 5745K, capacity 5883K, committed 5888K, reserved 1048576K
}
Event: 701.371 GC heap before
{Heap before GC invocations=131 (full 4):
 PSYoungGen      total 683008K, used 675200K [0x00000000d5980000, 0x00000000fff80000, 0x0000000100000000)
  eden space 671744K, 100% used [0x00000000d5980000,0x00000000fe980000,0x00000000fe980000)
  from space 11264K, 30% used [0x00000000ff480000,0x00000000ff7e0000,0x00000000fff80000)
  to   space 11264K, 0% used [0x00000000fe980000,0x00000000fe980000,0x00000000ff480000)
 ParOldGen       total 450048K, used 348520K [0x0000000080c00000, 0x000000009c380000, 0x00000000d5980000)
  object space 450048K, 77% used [0x0000000080c00000,0x000000009605a050,0x000000009c380000)
 Metaspace       used 44017K, capacity 44700K, committed 44760K, reserved 1087488K
  class space    used 5745K, capacity 5883K, committed 5888K, reserved 1048576K
Event: 701.437 GC heap after
Heap after GC invocations=131 (full 4):
 PSYoungGen      total 683008K, used 4736K [0x00000000d5980000, 0x00000000fff00000, 0x0000000100000000)
  eden space 671744K, 0% used [0x00000000d5980000,0x00000000d5980000,0x00000000fe980000)
  from space 11264K, 42% used [0x00000000fe980000,0x00000000fee20020,0x00000000ff480000)
  to   space 10752K, 0% used [0x00000000ff480000,0x00000000ff480000,0x00000000fff00000)
 ParOldGen       total 450048K, used 348528K [0x0000000080c00000, 0x000000009c380000, 0x00000000d5980000)
  object space 450048K, 77% used [0x0000000080c00000,0x000000009605c050,0x000000009c380000)
 Metaspace       used 44017K, capacity 44700K, committed 44760K, reserved 1087488K
  class space    used 5745K, capacity 5883K, committed 5888K, reserved 1048576K
}
Event: 703.657 GC heap before
{Heap before GC invocations=132 (full 4):
 PSYoungGen      total 683008K, used 676480K [0x00000000d5980000, 0x00000000fff00000, 0x0000000100000000)
  eden space 671744K, 100% used [0x00000000d5980000,0x00000000fe980000,0x00000000fe980000)
  from space 11264K, 42% used [0x00000000fe980000,0x00000000fee20020,0x00000000ff480000)
  to   space 10752K, 0% used [0x00000000ff480000,0x00000000ff480000,0x00000000fff00000)
 ParOldGen       total 450048K, used 348528K [0x0000000080c00000, 0x000000009c380000, 0x00000000d5980000)
  object space 450048K, 77% used [0x0000000080c00000,0x000000009605c050,0x000000009c380000)
 Metaspace       used 44017K, capacity 44700K, committed 44760K, reserved 1087488K
  class space    used 5745K, capacity 5883K, committed 5888K, reserved 1048576K
Event: 703.667 GC heap after
Heap after GC invocations=132 (full 4):
 PSYoungGen      total 683008K, used 7056K [0x00000000d5980000, 0x00000000fff80000, 0x0000000100000000)
  eden space 672256K, 0% used [0x00000000d5980000,0x00000000d5980000,0x00000000fea00000)
  from space 10752K, 65% used [0x00000000ff480000,0x00000000ffb64030,0x00000000fff00000)
  to   space 10752K, 0% used [0x00000000fea00000,0x00000000fea00000,0x00000000ff480000)
 ParOldGen       total 450048K, used 348544K [0x0000000080c00000, 0x000000009c380000, 0x00000000d5980000)
  object space 450048K, 77% used [0x0000000080c00000,0x0000000096060050,0x000000009c380000)
 Metaspace       used 44017K, capacity 44700K, committed 44760K, reserved 1087488K
  class space    used 5745K, capacity 5883K, committed 5888K, reserved 1048576K
}
Event: 705.381 GC heap before
{Heap before GC invocations=133 (full 4):
 PSYoungGen      total 683008K, used 679312K [0x00000000d5980000, 0x00000000fff80000, 0x0000000100000000)
  eden space 672256K, 100% used [0x00000000d5980000,0x00000000fea00000,0x00000000fea00000)
  from space 10752K, 65% used [0x00000000ff480000,0x00000000ffb64030,0x00000000fff00000)
  to   space 10752K, 0% used [0x00000000fea00000,0x00000000fea00000,0x00000000ff480000)
 ParOldGen       total 450048K, used 348544K [0x0000000080c00000, 0x000000009c380000, 0x00000000d5980000)
  object space 450048K, 77% used [0x0000000080c00000,0x0000000096060050,0x000000009c380000)
 Metaspace       used 44017K, capacity 44700K, committed 44760K, reserved 1087488K
  class space    used 5745K, capacity 5883K, committed 5888K, reserved 1048576K
Event: 705.434 GC heap after
Heap after GC invocations=133 (full 4):
 PSYoungGen      total 683008K, used 4384K [0x00000000d5980000, 0x0000000100000000, 0x0000000100000000)
  eden space 672256K, 0% used [0x00000000d5980000,0x00000000d5980000,0x00000000fea00000)
  from space 10752K, 40% used [0x00000000fea00000,0x00000000fee48000,0x00000000ff480000)
  to   space 10752K, 0% used [0x00000000ff580000,0x00000000ff580000,0x0000000100000000)
 ParOldGen       total 450048K, used 348552K [0x0000000080c00000, 0x000000009c380000, 0x00000000d5980000)
  object space 450048K, 77% used [0x0000000080c00000,0x0000000096062050,0x000000009c380000)
 Metaspace       used 44017K, capacity 44700K, committed 44760K, reserved 1087488K
  class space    used 5745K, capacity 5883K, committed 5888K, reserved 1048576K
}

Deoptimization events (0 events):
No events

Internal exceptions (10 events):
Event: 621.288 Thread 0x000000005a2f4800 Exception <a 'java/lang/ArrayIndexOutOfBoundsException'> (0x00000000e7b64b10) thrown at [C:\re\workspace\8-2-build-windows-amd64-cygwin\jdk8u144\9417\hotspot\src\share\vm\runtime\sharedRuntime.cpp, line 605]
Event: 621.292 Thread 0x000000005a2f4800 Exception <a 'java/lang/ArrayIndexOutOfBoundsException'> (0x00000000e7b99848) thrown at [C:\re\workspace\8-2-build-windows-amd64-cygwin\jdk8u144\9417\hotspot\src\share\vm\runtime\sharedRuntime.cpp, line 605]
Event: 621.917 Thread 0x000000005a2f3000 Exception <a 'java/lang/ArrayIndexOutOfBoundsException'> (0x00000000e8d50878) thrown at [C:\re\workspace\8-2-build-windows-amd64-cygwin\jdk8u144\9417\hotspot\src\share\vm\runtime\sharedRuntime.cpp, line 605]
Event: 622.485 Thread 0x000000005a2f3000 Exception <a 'java/lang/ArrayIndexOutOfBoundsException'> (0x00000000e8e4f238) thrown at [C:\re\workspace\8-2-build-windows-amd64-cygwin\jdk8u144\9417\hotspot\src\share\vm\runtime\sharedRuntime.cpp, line 605]
Event: 622.666 Thread 0x000000005a2f3000 Exception <a 'java/lang/ClassNotFoundException': java/lang/ObjectCustomizer> (0x00000000db9fc740) thrown at [C:\re\workspace\8-2-build-windows-amd64-cygwin\jdk8u144\9417\hotspot\src\share\vm\classfile\systemDictionary.cpp, line 210]
Event: 622.666 Thread 0x000000005a2f3000 Exception <a 'java/lang/ArrayIndexOutOfBoundsException'> (0x00000000db9ff8a0) thrown at [C:\re\workspace\8-2-build-windows-amd64-cygwin\jdk8u144\9417\hotspot\src\share\vm\runtime\sharedRuntime.cpp, line 605]
Event: 622.667 Thread 0x000000005a2f3000 Exception <a 'java/lang/ClassNotFoundException': Runner/hipoteses/HipoteseCustomizer> (0x00000000dba0f6c0) thrown at [C:\re\workspace\8-2-build-windows-amd64-cygwin\jdk8u144\9417\hotspot\src\share\vm\classfile\systemDictionary.cpp, line 210]
Event: 622.667 Thread 0x000000005a2f3000 Exception <a 'java/lang/ArrayIndexOutOfBoundsException'> (0x00000000dba13cd0) thrown at [C:\re\workspace\8-2-build-windows-amd64-cygwin\jdk8u144\9417\hotspot\src\share\vm\runtime\sharedRuntime.cpp, line 605]
Event: 622.667 Thread 0x000000005a2f3000 Exception <a 'java/lang/ArrayIndexOutOfBoundsException'> (0x00000000dba17380) thrown at [C:\re\workspace\8-2-build-windows-amd64-cygwin\jdk8u144\9417\hotspot\src\share\vm\runtime\sharedRuntime.cpp, line 605]
Event: 622.681 Thread 0x000000005a2f3000 Exception <a 'java/lang/ArrayIndexOutOfBoundsException'> (0x00000000dbaa5898) thrown at [C:\re\workspace\8-2-build-windows-amd64-cygwin\jdk8u144\9417\hotspot\src\share\vm\runtime\sharedRuntime.cpp, line 605]

Events (10 events):
Event: 706.904 Thread 0x000000006097b000 Thread exited: 0x000000006097b000
Event: 706.904 Thread 0x000000006097e000 Thread exited: 0x000000006097e000
Event: 706.904 Thread 0x000000005a84f000 Thread exited: 0x000000005a84f000
Event: 706.909 Thread 0x0000000060903000 DEOPT PACKING pc=0x0000000003329d1c sp=0x000000006325ec70
Event: 706.909 Thread 0x0000000060903000 DEOPT UNPACKING pc=0x00000000028d787f sp=0x000000006325ea10 mode 1
Event: 706.909 Thread 0x0000000060903000 DEOPT PACKING pc=0x000000000332933c sp=0x000000006325ed50
Event: 706.909 Thread 0x0000000060903000 DEOPT UNPACKING pc=0x00000000028d787f sp=0x000000006325eae8 mode 1
Event: 706.909 Thread 0x0000000060903000 Thread exited: 0x0000000060903000
Event: 706.966 Thread 0x000000005c610800 DEOPT PACKING pc=0x000000000337f6d4 sp=0x0000000062feeb50
Event: 706.966 Thread 0x000000005c610800 DEOPT UNPACKING pc=0x00000000028d787f sp=0x0000000062fee900 mode 1


Dynamic libraries:
0x000000013f380000 - 0x000000013f3b7000 	C:\Program Files\Java\jdk1.8.0_144\bin\javaw.exe
0x0000000077b60000 - 0x0000000077d09000 	C:\Windows\SYSTEM32\ntdll.dll
0x000007feee5e0000 - 0x000007feee613000 	C:\Program Files\AVAST Software\Avast\x64\aswhooka.dll
0x0000000077a40000 - 0x0000000077b5f000 	C:\Windows\system32\kernel32.dll
0x000007fefd940000 - 0x000007fefd9ab000 	C:\Windows\system32\KERNELBASE.dll
0x000007fefdda0000 - 0x000007fefde7b000 	C:\Windows\system32\ADVAPI32.dll
0x000007fefe950000 - 0x000007fefe9ef000 	C:\Windows\system32\msvcrt.dll
0x000007fefe5d0000 - 0x000007fefe5ef000 	C:\Windows\SYSTEM32\sechost.dll
0x000007fefe0b0000 - 0x000007fefe1dd000 	C:\Windows\system32\RPCRT4.dll
0x0000000077940000 - 0x0000000077a3a000 	C:\Windows\system32\USER32.dll
0x000007fefea00000 - 0x000007fefea67000 	C:\Windows\system32\GDI32.dll
0x000007fefe9f0000 - 0x000007fefe9fe000 	C:\Windows\system32\LPK.dll
0x000007fefdcd0000 - 0x000007fefdd99000 	C:\Windows\system32\USP10.dll
0x000007fefbfa0000 - 0x000007fefc194000 	C:\Windows\WinSxS\amd64_microsoft.windows.common-controls_6595b64144ccf1df_6.0.7601.17514_none_fa396087175ac9ac\COMCTL32.dll
0x000007fefdf90000 - 0x000007fefe001000 	C:\Windows\system32\SHLWAPI.dll
0x000007fefea70000 - 0x000007fefea9e000 	C:\Windows\system32\IMM32.DLL
0x000007fefde80000 - 0x000007fefdf89000 	C:\Windows\system32\MSCTF.dll
0x000000006e070000 - 0x000000006e142000 	C:\Program Files\Java\jdk1.8.0_144\jre\bin\msvcr100.dll
0x000000005d800000 - 0x000000005e09d000 	C:\Program Files\Java\jdk1.8.0_144\jre\bin\server\jvm.dll
0x000007feed840000 - 0x000007feed849000 	C:\Windows\system32\WSOCK32.dll
0x000007fefe860000 - 0x000007fefe8ad000 	C:\Windows\system32\WS2_32.dll
0x000007fefede0000 - 0x000007fefede8000 	C:\Windows\system32\NSI.dll
0x000007fefbd40000 - 0x000007fefbd7b000 	C:\Windows\system32\WINMM.dll
0x000007fefc960000 - 0x000007fefc96c000 	C:\Windows\system32\VERSION.dll
0x0000000077d30000 - 0x0000000077d37000 	C:\Windows\system32\PSAPI.DLL
0x000000006e950000 - 0x000000006e95f000 	C:\Program Files\Java\jdk1.8.0_144\jre\bin\verify.dll
0x000000006e920000 - 0x000000006e949000 	C:\Program Files\Java\jdk1.8.0_144\jre\bin\java.dll
0x000000006e860000 - 0x000000006e895000 	C:\Program Files\Java\jdk1.8.0_144\jre\bin\jdwp.dll
0x000000006e850000 - 0x000000006e858000 	C:\Program Files\Java\jdk1.8.0_144\jre\bin\npt.dll
0x000000006e900000 - 0x000000006e916000 	C:\Program Files\Java\jdk1.8.0_144\jre\bin\zip.dll
0x000007feff0e0000 - 0x000007feffe68000 	C:\Windows\system32\SHELL32.dll
0x000007fefe5f0000 - 0x000007fefe7f3000 	C:\Windows\system32\ole32.dll
0x000007fefd920000 - 0x000007fefd92f000 	C:\Windows\system32\profapi.dll
0x000000006e840000 - 0x000000006e849000 	C:\Program Files\Java\jdk1.8.0_144\jre\bin\dt_socket.dll
0x000007fefa4e0000 - 0x000007fefa4f5000 	C:\Windows\system32\NLAapi.dll
0x000007fef4360000 - 0x000007fef4375000 	C:\Windows\system32\napinsp.dll
0x000007fef4340000 - 0x000007fef4359000 	C:\Windows\system32\pnrpnsp.dll
0x000007fefd0b0000 - 0x000007fefd105000 	C:\Windows\System32\mswsock.dll
0x000007fefcf30000 - 0x000007fefcf8b000 	C:\Windows\system32\DNSAPI.dll
0x000007fef4330000 - 0x000007fef433b000 	C:\Windows\System32\winrnr.dll
0x000007fef9e80000 - 0x000007fef9ea7000 	C:\Windows\system32\IPHLPAPI.DLL
0x000007fef9e70000 - 0x000007fef9e7b000 	C:\Windows\system32\WINNSI.DLL
0x000007fef9cf0000 - 0x000007fef9d43000 	C:\Windows\System32\fwpuclnt.dll
0x000007fef24c0000 - 0x000007fef24c8000 	C:\Windows\system32\rasadhlp.dll
0x000007fefc8a0000 - 0x000007fefc8a7000 	C:\Windows\System32\wshtcpip.dll
0x000000006e8b0000 - 0x000000006e8bd000 	C:\Program Files\Java\jdk1.8.0_144\jre\bin\management.dll
0x000000006e8e0000 - 0x000000006e8fa000 	C:\Program Files\Java\jdk1.8.0_144\jre\bin\net.dll
0x000007fefd0a0000 - 0x000007fefd0a7000 	C:\Windows\System32\wship6.dll
0x000000006e8c0000 - 0x000000006e8d1000 	C:\Program Files\Java\jdk1.8.0_144\jre\bin\nio.dll
0x000007fefd110000 - 0x000007fefd127000 	C:\Windows\system32\CRYPTSP.dll
0x000007fefce10000 - 0x000007fefce57000 	C:\Windows\system32\rsaenh.dll
0x000007fefdb50000 - 0x000007fefdb6e000 	C:\Windows\system32\USERENV.dll
0x000007fefd7b0000 - 0x000007fefd7bf000 	C:\Windows\system32\CRYPTBASE.dll
0x000007fef9da0000 - 0x000007fef9db1000 	C:\Windows\system32\dhcpcsvc6.DLL
0x000007fef9d80000 - 0x000007fef9d98000 	C:\Windows\system32\dhcpcsvc.DLL
0x000007fef8320000 - 0x000007fef8445000 	C:\Windows\system32\dbghelp.dll

VM Arguments:
jvm_args: -agentlib:jdwp=transport=dt_socket,suspend=y,address=localhost:54054 -Dcom.sun.management.jmxremote -Dcom.sun.management.jmxremote.port=54053 -Dcom.sun.management.jmxremote.authenticate=false -Dcom.sun.management.jmxremote.ssl=false -Djava.rmi.server.hostname=localhost -Dspring.liveBeansView.mbeanDomain -Dspring.application.admin.enabled=true -Xverify:none -XX:TieredStopAtLevel=1 -Dfile.encoding=UTF-8 
java_command: Runner.app --spring.output.ansi.enabled=always
java_class_path (initial): C:\Users\Usuario\ga-stockmarket\target\classes;C:\Users\Usuario\.m2\repository\org\springframework\boot\spring-boot-starter-web\1.5.6.RELEASE\spring-boot-starter-web-1.5.6.RELEASE.jar;C:\Users\Usuario\.m2\repository\org\springframework\boot\spring-boot-starter\1.5.6.RELEASE\spring-boot-starter-1.5.6.RELEASE.jar;C:\Users\Usuario\.m2\repository\org\springframework\boot\spring-boot-starter-logging\1.5.6.RELEASE\spring-boot-starter-logging-1.5.6.RELEASE.jar;C:\Users\Usuario\.m2\repository\ch\qos\logback\logback-classic\1.1.11\logback-classic-1.1.11.jar;C:\Users\Usuario\.m2\repository\ch\qos\logback\logback-core\1.1.11\logback-core-1.1.11.jar;C:\Users\Usuario\.m2\repository\org\slf4j\jul-to-slf4j\1.7.25\jul-to-slf4j-1.7.25.jar;C:\Users\Usuario\.m2\repository\org\slf4j\log4j-over-slf4j\1.7.25\log4j-over-slf4j-1.7.25.jar;C:\Users\Usuario\.m2\repository\org\yaml\snakeyaml\1.17\snakeyaml-1.17.jar;C:\Users\Usuario\.m2\repository\org\springframework\boot\spring-boot-starter-tomcat\1.5.6.RELEASE\spring-boot-starter-tomcat-1.5.6.RELEASE.jar;C:\Users\Usuario\.m2\repository\org\apache\tomcat\embed\tomcat-embed-core\8.5.16\tomcat-embed-core-8.5.16.jar;C:\Users\Usuario\.m2\repository\org\apache\tomcat\embed\tomcat-embed-el\8.5.16\tomcat-embed-el-8.5.16.jar;C:\Users\Usuario\.m2\repository\org\apache\tomcat\embed\tomcat-embed-websocket\8.5.16\tomcat-embed-websocket-8.5.16.jar;C:\Users\Usuario\.m2\repository\org\hibernate\hibernate-validator\5.3.5.Final\hibernate-validator-5.3.5.Final.jar;C:\Users\Usuario\.m2\repository\javax\validation\validation-api\1.1.0.Final\validation-api-1.1.0.Final.jar;C:\Users\Usuario\.m2\repository\org\jboss\logging\jboss-logging\3.3.1.Final\jboss-logging-3.3.1.Final.jar;C:\Users\Usuario\.m2\repository\com\fasterxml\classmate\1.3.3\classmate-1.3.3.jar;C:\Users\Usuario\.m2\repository\com\fasterxml\jackson\core\jackson-databind\2.8.9\jackson-databind-2.8.9.jar;C:\Users\Usuario\.m2\repository\com\fasterxml\jackson\core\jackson-annota
Launcher Type: SUN_STANDARD

Environment Variables:
PATH=C:\Program Files\Java\jdk1.8.0_144\jre\bin;C:/Program Files/Java/jdk1.8.0_144/bin/../jre/bin/server;C:/Program Files/Java/jdk1.8.0_144/bin/../jre/bin;C:/Program Files/Java/jdk1.8.0_144/bin/../jre/lib/amd64;C:\Program Files\Haskell\bin;C:\Program Files\Haskell Platform\8.2.1\lib\extralibs\bin;C:\Program Files\Haskell Platform\8.2.1\bin;C:\Program Files\Java\jdk1.8.0_144\bin;C:\ProgramData\Oracle\Java\javapath;C:\Windows\system32;C:\Windows;C:\Windows\System32\Wbem;C:\Windows\System32\WindowsPowerShell\v1.0\;C:\Program Files (x86)\NVIDIA Corporation\PhysX\Common;C:\Program Files (x86)\Skype\Phone\;C:\Program Files\Git\cmd;C:\PostgreSQL\pg96\bin;C:\Program Files\Haskell Platform\8.2.1\mingw\bin;C:\Users\Usuario\AppData\Roaming\cabal\bin;C:\Users\Usuario\AppData\Roaming\local\bin;C:\Program Files\Microsoft VS Code\bin;C:\Users\Usuario\Documents\sts-bundle\sts-3.9.0.RELEASE;
USERNAME=Usuario
OS=Windows_NT
PROCESSOR_IDENTIFIER=Intel64 Family 6 Model 58 Stepping 9, GenuineIntel



---------------  S Y S T E M  ---------------

OS: Windows 7 , 64 bit Build 7601 (6.1.7601.18015)

CPU:total 4 (initial active 4) (4 cores per cpu, 1 threads per core) family 6 model 58 stepping 9, cmov, cx8, fxsr, mmx, sse, sse2, sse3, ssse3, sse4.1, sse4.2, popcnt, avx, aes, clmul, erms, tsc, tscinvbit, tscinv

Memory: 4k page, physical 8332668k(1248868k free), swap 16663472k(6705992k free)

vm_info: Java HotSpot(TM) 64-Bit Server VM (25.144-b01) for windows-amd64 JRE (1.8.0_144-b01), built on Jul 21 2017 21:57:33 by "java_re" with MS VC++ 10.0 (VS2010)

time: Wed Oct 25 21:17:35 2017
elapsed time: 707 seconds (0d 0h 11m 47s)

